[2025-11-22 20:52:22] [START] === NOVA REQUISIÇÃO INICIADA ===
[2025-11-22 20:52:22] [INFO] Método: POST
[2025-11-22 20:52:22] [INFO] IP: 172.27.0.1
[2025-11-22 20:52:22] [INFO] Configurações BD carregadas das variáveis de ambiente
[2025-11-22 20:52:22] [INFO] Requisição POST recebida
[2025-11-22 20:52:22] [INFO] POST data: {"nome":"Kaique Covo","email":"kaique.kng@gmail.com","telefone":"(16) 99797-6935"}
[2025-11-22 20:52:22] [INFO] Token CSRF válido
[2025-11-22 20:52:22] [INFO] Tentando conectar ao banco: u583423626_infancia@db:3306
[2025-11-22 20:52:22] [DEBUG] Usuário: root
[2025-11-22 20:52:22] [SUCCESS] ✓ Conectado ao banco com sucesso!
[2025-11-22 20:52:22] [INFO] ✓ Charset UTF-8 definido
[2025-11-22 20:52:22] [INFO] Verificando se tabela afiliados existe...
[2025-11-22 20:52:22] [INFO] ✓ Tabela afiliados existe
[2025-11-22 20:52:22] [INFO] Dados recebidos: nome=Kaique Covo, email=kaique.kng@gmail.com, telefone=(16) 99797-6935
[2025-11-22 20:52:22] [INFO] Todas as validações passaram
[2025-11-22 20:52:22] [INFO] Telefone sem máscara: 16997976935
[2025-11-22 20:52:22] [INFO] Validando se o telefone possui WhatsApp: (16) 99797-6935
[2025-11-22 20:52:22] [INFO] ✓ WhatsApp validado com sucesso: (16) 99797-6935
[2025-11-22 20:52:22] [INFO] Verificando se email já existe: kaique.kng@gmail.com
[2025-11-22 20:52:22] [INFO] Executando query de verificação de email...
[2025-11-22 20:52:22] [INFO] Query executada - Linhas encontradas: 0
[2025-11-22 20:52:22] [INFO] ✓ Email disponível: kaique.kng@gmail.com
[2025-11-22 20:52:22] [INFO] Gerando hash de senha com bcrypt
[2025-11-22 20:52:22] [INFO] ✓ Hash de senha gerado com sucesso
[2025-11-22 20:52:22] [INFO] Gerando código único para o afiliado
[2025-11-22 20:52:22] [INFO] Iniciando geração de código único
[2025-11-22 20:52:22] [INFO] Código gerado: 7MY8JTDL
[2025-11-22 20:52:22] [INFO] ✓ Código gerado: 7MY8JTDL
[2025-11-22 20:52:22] [INFO] Preparando statement de inserção
[2025-11-22 20:52:22] [INFO] Bindando parâmetros do INSERT
[2025-11-22 20:52:22] [INFO] Executando INSERT no banco...
[2025-11-22 20:52:22] [INFO] ✓ Inserção realizada com sucesso
[2025-11-22 20:52:22] [INFO] ID do novo afiliado: 2
[2025-11-22 20:52:22] [SUCCESS] ✓✓✓ Afiliado cadastrado com sucesso: ID=2, CODE=7MY8JTDL, EMAIL=kaique.kng@gmail.com
[2025-11-22 20:52:22] [INFO] Enviando mensagem de boas-vindas via WhatsApp...
[2025-11-22 20:52:23] [INFO] ✓ Mensagem de boas-vindas enviada com sucesso
[2025-11-22 20:52:23] [INFO] ✓ Conexão ao banco fechada
[2025-11-22 20:52:23] [END] === REQUISIÇÃO FINALIZADA COM SUCESSO ===
