[2025-11-22 20:55:05] [START] === NOVA REQUISIÇÃO DE LOGIN INICIADA ===
[2025-11-22 20:55:05] [INFO] Método: POST
[2025-11-22 20:55:05] [INFO] IP: 172.27.0.1
[2025-11-22 20:55:05] [INFO] Configurações BD carregadas das variáveis de ambiente
[2025-11-22 20:55:05] [INFO] Requisição POST recebida
[2025-11-22 20:55:05] [INFO] POST data: {"email":"teste@teste.com"}
[2025-11-22 20:55:05] [ERROR] Token CSRF inválido ou ausente
[2025-11-22 20:56:04] [START] === NOVA REQUISIÇÃO DE LOGIN INICIADA ===
[2025-11-22 20:56:04] [INFO] Método: POST
[2025-11-22 20:56:04] [INFO] IP: 172.27.0.1
[2025-11-22 20:56:04] [INFO] Configurações BD carregadas das variáveis de ambiente
[2025-11-22 20:56:04] [INFO] Requisição POST recebida
[2025-11-22 20:56:04] [INFO] POST data: {"email":"kaique.kng@gmail.com"}
[2025-11-22 20:56:04] [INFO] Token CSRF validado
[2025-11-22 20:56:04] [INFO] Tentando conectar ao banco: u583423626_infancia@db:3306
[2025-11-22 20:56:04] [DEBUG] Usuário: root
[2025-11-22 20:56:04] [SUCCESS] ✓ Conectado ao banco com sucesso!
[2025-11-22 20:56:04] [INFO] ✓ Charset UTF-8 definido
[2025-11-22 20:56:04] [INFO] Dados recebidos: email=kaique.kng@gmail.com
[2025-11-22 20:56:04] [INFO] ✓ Validações de formato passaram
[2025-11-22 20:56:04] [INFO] Buscando afiliado por email: kaique.kng@gmail.com
[2025-11-22 20:56:04] [INFO] Executando query de busca...
[2025-11-22 20:56:04] [INFO] Query executada - Linhas encontradas: 1
[2025-11-22 20:56:04] [INFO] Afiliado encontrado: ID=2, Nome=Kaique Covo
[2025-11-22 20:56:04] [INFO] Verificando senha...
[2025-11-22 20:56:04] [INFO] ✓ Senha verificada com sucesso
[2025-11-22 20:56:04] [INFO] ✓ Autenticação bem-sucedida para: kaique.kng@gmail.com
[2025-11-22 20:56:04] [INFO] ✓ Sessão criada - ID_SESSION: e49867baae19207043dd0f4359a11440
[2025-11-22 20:56:04] [SUCCESS] ✓✓✓ LOGIN BEM-SUCEDIDO: Email=kaique.kng@gmail.com, ID=2, CODE=7MY8JTDL
[2025-11-22 20:56:04] [INFO] ✓ Conexão ao banco fechada
[2025-11-22 20:56:04] [END] === REQUISIÇÃO FINALIZADA COM SUCESSO ===
[2025-11-22 20:58:39] [START] === NOVA REQUISIÇÃO DE LOGIN INICIADA ===
[2025-11-22 20:58:39] [INFO] Método: POST
[2025-11-22 20:58:39] [INFO] IP: 172.27.0.1
[2025-11-22 20:58:39] [INFO] Configurações BD carregadas das variáveis de ambiente
[2025-11-22 20:58:39] [INFO] Requisição POST recebida
[2025-11-22 20:58:39] [INFO] POST data: {"email":"kaique.kng@gmail.com"}
[2025-11-22 20:58:39] [INFO] Token CSRF validado
[2025-11-22 20:58:39] [INFO] Tentando conectar ao banco: u583423626_infancia@db:3306
[2025-11-22 20:58:39] [DEBUG] Usuário: root
[2025-11-22 20:58:39] [SUCCESS] ✓ Conectado ao banco com sucesso!
[2025-11-22 20:58:39] [INFO] ✓ Charset UTF-8 definido
[2025-11-22 20:58:39] [INFO] Dados recebidos: email=kaique.kng@gmail.com
[2025-11-22 20:58:39] [INFO] ✓ Validações de formato passaram
[2025-11-22 20:58:39] [INFO] Buscando afiliado por email: kaique.kng@gmail.com
[2025-11-22 20:58:39] [INFO] Executando query de busca...
[2025-11-22 20:58:39] [INFO] Query executada - Linhas encontradas: 1
[2025-11-22 20:58:39] [INFO] Afiliado encontrado: ID=2, Nome=Kaique Covo
[2025-11-22 20:58:39] [INFO] Verificando senha...
[2025-11-22 20:58:40] [INFO] ✓ Senha verificada com sucesso
[2025-11-22 20:58:40] [INFO] ✓ Autenticação bem-sucedida para: kaique.kng@gmail.com
[2025-11-22 20:58:40] [INFO] ✓ Sessão criada - ID_SESSION: 1df37274f65ea6a9321fc84c71ccf167
[2025-11-22 20:58:40] [SUCCESS] ✓✓✓ LOGIN BEM-SUCEDIDO: Email=kaique.kng@gmail.com, ID=2, CODE=7MY8JTDL
[2025-11-22 20:58:40] [INFO] ✓ Conexão ao banco fechada
[2025-11-22 20:58:40] [END] === REQUISIÇÃO FINALIZADA COM SUCESSO ===
[2025-11-22 21:00:36] [START] === NOVA REQUISIÇÃO DE LOGIN INICIADA ===
[2025-11-22 21:00:36] [INFO] Método: POST
[2025-11-22 21:00:36] [INFO] IP: 172.27.0.1
[2025-11-22 21:00:36] [INFO] Configurações BD carregadas das variáveis de ambiente
[2025-11-22 21:00:36] [INFO] Requisição POST recebida
[2025-11-22 21:00:36] [INFO] POST data: {"email":"kaique.kng@gmail.com"}
[2025-11-22 21:00:36] [INFO] Token CSRF validado
[2025-11-22 21:00:36] [INFO] Tentando conectar ao banco: u583423626_infancia@db:3306
[2025-11-22 21:00:36] [DEBUG] Usuário: root
[2025-11-22 21:00:36] [SUCCESS] ✓ Conectado ao banco com sucesso!
[2025-11-22 21:00:36] [INFO] ✓ Charset UTF-8 definido
[2025-11-22 21:00:36] [INFO] Dados recebidos: email=kaique.kng@gmail.com
[2025-11-22 21:00:36] [INFO] ✓ Validações de formato passaram
[2025-11-22 21:00:36] [INFO] Buscando afiliado por email: kaique.kng@gmail.com
[2025-11-22 21:00:36] [INFO] Executando query de busca...
[2025-11-22 21:00:36] [INFO] Query executada - Linhas encontradas: 1
[2025-11-22 21:00:36] [INFO] Afiliado encontrado: ID=2, Nome=Kaique Covo
[2025-11-22 21:00:36] [INFO] Verificando senha...
[2025-11-22 21:00:36] [WARNING] ⚠ Falha de login: senha incorreta para email: kaique.kng@gmail.com
[2025-11-22 21:00:36] [WARNING] IP da tentativa: 172.27.0.1
[2025-11-22 21:00:36] [INFO] Conexão fechada - senha incorreta
[2025-11-22 21:00:46] [START] === NOVA REQUISIÇÃO DE LOGIN INICIADA ===
[2025-11-22 21:00:46] [INFO] Método: POST
[2025-11-22 21:00:46] [INFO] IP: 172.27.0.1
[2025-11-22 21:00:46] [INFO] Configurações BD carregadas das variáveis de ambiente
[2025-11-22 21:00:46] [INFO] Requisição POST recebida
[2025-11-22 21:00:46] [INFO] POST data: {"email":"kaique.kng@gmail.com"}
[2025-11-22 21:00:46] [INFO] Token CSRF validado
[2025-11-22 21:00:46] [INFO] Tentando conectar ao banco: u583423626_infancia@db:3306
[2025-11-22 21:00:46] [DEBUG] Usuário: root
[2025-11-22 21:00:46] [SUCCESS] ✓ Conectado ao banco com sucesso!
[2025-11-22 21:00:46] [INFO] ✓ Charset UTF-8 definido
[2025-11-22 21:00:46] [INFO] Dados recebidos: email=kaique.kng@gmail.com
[2025-11-22 21:00:46] [INFO] ✓ Validações de formato passaram
[2025-11-22 21:00:46] [INFO] Buscando afiliado por email: kaique.kng@gmail.com
[2025-11-22 21:00:46] [INFO] Executando query de busca...
[2025-11-22 21:00:46] [INFO] Query executada - Linhas encontradas: 1
[2025-11-22 21:00:46] [INFO] Afiliado encontrado: ID=2, Nome=Kaique Covo
[2025-11-22 21:00:46] [INFO] Verificando senha...
[2025-11-22 21:00:46] [INFO] ✓ Senha verificada com sucesso
[2025-11-22 21:00:46] [INFO] ✓ Autenticação bem-sucedida para: kaique.kng@gmail.com
[2025-11-22 21:00:46] [INFO] ✓ Sessão criada - ID_SESSION: 6cd445fc0f60d9106ddec6b8e5c8e847
[2025-11-22 21:00:46] [SUCCESS] ✓✓✓ LOGIN BEM-SUCEDIDO: Email=kaique.kng@gmail.com, ID=2, CODE=7MY8JTDL
[2025-11-22 21:00:46] [INFO] ✓ Conexão ao banco fechada
[2025-11-22 21:00:46] [END] === REQUISIÇÃO FINALIZADA COM SUCESSO ===
